<?xml version="1.0" encoding="UTF-8"?>
<testng-results ignored="0" total="2" passed="2" failed="0" skipped="0">
  <reporter-output>
  </reporter-output>
  <suite started-at="2024-08-10T19:51:39 IST" name="Suite" finished-at="2024-08-10T19:52:21 IST" duration-ms="42360">
    <groups>
    </groups>
    <test started-at="2024-08-10T19:51:39 IST" name="Test" finished-at="2024-08-10T19:52:21 IST" duration-ms="42360">
      <class name="PackHRM.ClassLogin">
        <test-method is-config="true" signature="beforeMethod()[pri:0, instance:PackHRM.ClassLogin@358ee631]" started-at="2024-08-10T19:51:39 IST" name="beforeMethod" finished-at="2024-08-10T19:51:59 IST" duration-ms="19602" status="PASS">
          <reporter-output>
          </reporter-output>
        </test-method> <!-- beforeMethod -->
        <test-method signature="Test1()[pri:0, instance:PackHRM.ClassLogin@358ee631]" started-at="2024-08-10T19:51:59 IST" name="Test1" finished-at="2024-08-10T19:51:59 IST" duration-ms="761" status="PASS">
          <reporter-output>
          </reporter-output>
        </test-method> <!-- Test1 -->
      </class> <!-- PackHRM.ClassLogin -->
      <class name="PackHRM.TesttstNG">
        <test-method is-config="true" signature="beforeMethod()[pri:0, instance:PackHRM.TesttstNG@163e4e87]" started-at="2024-08-10T19:51:59 IST" name="beforeMethod" finished-at="2024-08-10T19:52:20 IST" duration-ms="20981" status="PASS">
          <reporter-output>
          </reporter-output>
        </test-method> <!-- beforeMethod -->
        <test-method signature="Test1()[pri:0, instance:PackHRM.TesttstNG@163e4e87]" started-at="2024-08-10T19:52:20 IST" name="Test1" finished-at="2024-08-10T19:52:21 IST" duration-ms="773" status="PASS">
          <reporter-output>
          </reporter-output>
        </test-method> <!-- Test1 -->
        <test-method is-config="true" signature="afterMethod()[pri:0, instance:PackHRM.TesttstNG@163e4e87]" started-at="2024-08-10T19:52:21 IST" name="afterMethod" finished-at="2024-08-10T19:52:21 IST" duration-ms="213" status="PASS">
          <reporter-output>
          </reporter-output>
        </test-method> <!-- afterMethod -->
      </class> <!-- PackHRM.TesttstNG -->
    </test> <!-- Test -->
  </suite> <!-- Suite -->
</testng-results>
