<?xml version="1.0" encoding="UTF-8"?>
<testng-results ignored="0" total="1" passed="1" failed="0" skipped="0">
  <reporter-output>
  </reporter-output>
  <suite started-at="2024-08-10T12:58:31 IST" name="Default suite" finished-at="2024-08-10T12:58:55 IST" duration-ms="24500">
    <groups>
    </groups>
    <test started-at="2024-08-10T12:58:31 IST" name="Default test" finished-at="2024-08-10T12:58:55 IST" duration-ms="24500">
      <class name="PackHRM.ClassLogin">
        <test-method is-config="true" signature="beforeMethod()[pri:0, instance:PackHRM.ClassLogin@130161f7]" started-at="2024-08-10T12:58:31 IST" name="beforeMethod" finished-at="2024-08-10T12:58:54 IST" duration-ms="23202" status="PASS">
          <reporter-output>
          </reporter-output>
        </test-method> <!-- beforeMethod -->
        <test-method signature="Test1()[pri:0, instance:PackHRM.ClassLogin@130161f7]" started-at="2024-08-10T12:58:54 IST" name="Test1" finished-at="2024-08-10T12:58:55 IST" duration-ms="1263" status="PASS">
          <reporter-output>
          </reporter-output>
        </test-method> <!-- Test1 -->
      </class> <!-- PackHRM.ClassLogin -->
    </test> <!-- Default test -->
  </suite> <!-- Default suite -->
</testng-results>
